Arguments: 
  /Users/milkboy/.nvm/versions/node/v14.18.0/bin/node /usr/local/Cellar/yarn/1.22.10/libexec/bin/yarn.js init

PATH: 
  /Users/milkboy/miniforge3/bin:/Users/milkboy/.nvm/versions/node/v14.18.0/bin:/opt/homebrew/opt/openssl@1.1/bin:/opt/homebrew/bin:/opt/homebrew/sbin:/usr/local/bin:/usr/bin:/bin:/usr/sbin:/sbin:/Library/TeX/texbin:/usr/local/go/bin:/Applications/Visual\ Studio\ Code\ -\ Insiders.app/Contents/Resources/app/bin

Yarn version: 
  1.22.10

Node version: 
  14.18.0

Platform: 
  darwin x64

Trace: 
  Error: canceled
      at Interface.<anonymous> (/usr/local/Cellar/yarn/1.22.10/libexec/lib/cli.js:137009:13)
      at Interface.emit (events.js:400:28)
      at Interface._ttyWrite (readline.js:1001:16)
      at ReadStream.onkeypress (readline.js:265:10)
      at ReadStream.emit (events.js:400:28)
      at emitKeys (internal/readline/utils.js:358:14)
      at emitKeys.next (<anonymous>)
      at ReadStream.onData (readline.js:1270:36)
      at ReadStream.emit (events.js:400:28)
      at addChunk (internal/streams/readable.js:293:12)

npm manifest: 
  {
    "devDependencies": {
      "cssnano": "^5.0.8",
      "postcss": "^8.3.9"
    }
  }

yarn manifest: 
  No manifest

Lockfile: 
  No lockfile
